[    0.000000] Initializing cgroup subsys cpuset
[    0.000000] Initializing cgroup subsys cpu
[    0.000000] Initializing cgroup subsys cpuacct
[    0.000000] Linux version 4.4.0-210-generic (buildd@lgw01-amd64-009) (gcc version 5.4.0 20160609 (Ubuntu 5.4.0-6ubuntu1~16.04.12) ) #242-Ubuntu SMP Fri Apr 16 09:57:56 UTC 2021 (Ubuntu 4.4.0-210.242-generic 4.4.262)
[    0.000000] Command line: BOOT_IMAGE=/boot/vmlinuz-4.4.0-210-generic root=UUID=ce38f626-b02a-496e-9acf-8cacdd6a07eb ro console=tty1 console=ttyS0
[    0.000000] KERNEL supported cpus:
[    0.000000]   Intel GenuineIntel
[    0.000000]   AMD AuthenticAMD
[    0.000000]   Centaur CentaurHauls
[    0.000000] x86/fpu: xstate_offset[2]:  576, xstate_sizes[2]:  256
[    0.000000] x86/fpu: Supporting XSAVE feature 0x01: 'x87 floating point registers'
[    0.000000] x86/fpu: Supporting XSAVE feature 0x02: 'SSE registers'
[    0.000000] x86/fpu: Supporting XSAVE feature 0x04: 'AVX registers'
[    0.000000] x86/fpu: Enabled xstate features 0x7, context size is 832 bytes, using 'standard' format.
[    0.000000] e820: BIOS-provided physical RAM map:
[    0.000000] BIOS-e820: [mem 0x0000000000000000-0x000000000009fbff] usable
[    0.000000] BIOS-e820: [mem 0x000000000009fc00-0x000000000009ffff] reserved
[    0.000000] BIOS-e820: [mem 0x00000000000f0000-0x00000000000fffff] reserved
[    0.000000] BIOS-e820: [mem 0x0000000000100000-0x000000003ffeffff] usable
[    0.000000] BIOS-e820: [mem 0x000000003fff0000-0x000000003fffffff] ACPI data
[    0.000000] BIOS-e820: [mem 0x00000000fec00000-0x00000000fec00fff] reserved
[    0.000000] BIOS-e820: [mem 0x00000000fee00000-0x00000000fee00fff] reserved
[    0.000000] BIOS-e820: [mem 0x00000000fffc0000-0x00000000ffffffff] reserved
[    0.000000] NX (Execute Disable) protection: active
[    0.000000] SMBIOS 2.5 present.
[    0.000000] Hypervisor detected: KVM
[    0.000000] e820: last_pfn = 0x3fff0 max_arch_pfn = 0x400000000
[    0.000000] MTRR: Disabled
[    0.000000] x86/PAT: MTRRs disabled, skipping PAT initialization too.
[    0.000000] CPU MTRRs all blank - virtualized system.
[    0.000000] x86/PAT: Configuration [0-7]: WB  WT  UC- UC  WB  WT  UC- UC  
[    0.000000] found SMP MP-table at [mem 0x0009fff0-0x0009ffff] mapped at [ffff88000009fff0]
[    0.000000] Scanning 1 areas for low memory corruption
[    0.000000] RAMDISK: [mem 0x362de000-0x37166fff]
[    0.000000] ACPI: Early table checksum verification disabled
[    0.000000] ACPI: RSDP 0x00000000000E0000 000024 (v02 VBOX  )
[    0.000000] ACPI: XSDT 0x000000003FFF0030 00003C (v01 VBOX   VBOXXSDT 00000001 ASL  00000061)
[    0.000000] ACPI: FACP 0x000000003FFF00F0 0000F4 (v04 VBOX   VBOXFACP 00000001 ASL  00000061)
[    0.000000] ACPI: DSDT 0x000000003FFF0470 002325 (v02 VBOX   VBOXBIOS 00000002 INTL 20100528)
[    0.000000] ACPI: FACS 0x000000003FFF0200 000040
[    0.000000] ACPI: FACS 0x000000003FFF0200 000040
[    0.000000] ACPI: APIC 0x000000003FFF0240 00005C (v02 VBOX   VBOXAPIC 00000001 ASL  00000061)
[    0.000000] ACPI: SSDT 0x000000003FFF02A0 0001CC (v01 VBOX   VBOXCPUT 00000002 INTL 20100528)
[    0.000000] No NUMA configuration found
[    0.000000] Faking a node at [mem 0x0000000000000000-0x000000003ffeffff]
[    0.000000] NODE_DATA(0) allocated [mem 0x3ffeb000-0x3ffeffff]
[    0.000000] kvm-clock: Using msrs 4b564d01 and 4b564d00
[    0.000000] kvm-clock: cpu 0, msr 0:3ffe3001, primary cpu clock
[    0.000000] kvm-clock: using sched offset of 5132980611 cycles
[    0.000000] clocksource: kvm-clock: mask: 0xffffffffffffffff max_cycles: 0x1cd42e4dffb, max_idle_ns: 881590591483 ns
[    0.000000] Zone ranges:
[    0.000000]   DMA      [mem 0x0000000000001000-0x0000000000ffffff]
[    0.000000]   DMA32    [mem 0x0000000001000000-0x000000003ffeffff]
[    0.000000]   Normal   empty
[    0.000000]   Device   empty
[    0.000000] Movable zone start for each node
[    0.000000] Early memory node ranges
[    0.000000]   node   0: [mem 0x0000000000001000-0x000000000009efff]
[    0.000000]   node   0: [mem 0x0000000000100000-0x000000003ffeffff]
[    0.000000] Initmem setup node 0 [mem 0x0000000000001000-0x000000003ffeffff]
[    0.000000] ACPI: PM-Timer IO Port: 0x4008
[    0.000000] IOAPIC[0]: apic_id 2, version 32, address 0xfec00000, GSI 0-23
[    0.000000] ACPI: INT_SRC_OVR (bus 0 bus_irq 0 global_irq 2 dfl dfl)
[    0.000000] ACPI: INT_SRC_OVR (bus 0 bus_irq 9 global_irq 9 low level)
[    0.000000] Using ACPI (MADT) for SMP configuration information
[    0.000000] smpboot: Allowing 2 CPUs, 0 hotplug CPUs
[    0.000000] PM: Registered nosave memory: [mem 0x00000000-0x00000fff]
[    0.000000] PM: Registered nosave memory: [mem 0x0009f000-0x0009ffff]
[    0.000000] PM: Registered nosave memory: [mem 0x000a0000-0x000effff]
[    0.000000] PM: Registered nosave memory: [mem 0x000f0000-0x000fffff]
[    0.000000] e820: [mem 0x40000000-0xfebfffff] available for PCI devices
[    0.000000] Booting paravirtualized kernel on KVM
[    0.000000] clocksource: refined-jiffies: mask: 0xffffffff max_cycles: 0xffffffff, max_idle_ns: 7645519600211568 ns
[    0.000000] setup_percpu: NR_CPUS:512 nr_cpumask_bits:512 nr_cpu_ids:2 nr_node_ids:1
[    0.000000] PERCPU: Embedded 33 pages/cpu @ffff88003fc00000 s95192 r8192 d31784 u1048576
[    0.000000] Built 1 zonelists in Node order, mobility grouping on.  Total pages: 257912
[    0.000000] Policy zone: DMA32
[    0.000000] Kernel command line: BOOT_IMAGE=/boot/vmlinuz-4.4.0-210-generic root=UUID=ce38f626-b02a-496e-9acf-8cacdd6a07eb ro console=tty1 console=ttyS0
[    0.000000] PID hash table entries: 4096 (order: 3, 32768 bytes)
[    0.000000] Memory: 997796K/1048120K available (8644K kernel code, 1332K rwdata, 4044K rodata, 1492K init, 1164K bss, 50324K reserved, 0K cma-reserved)
[    0.000000] SLUB: HWalign=64, Order=0-3, MinObjects=0, CPUs=2, Nodes=1
[    0.000000] Kernel/User page tables isolation: enabled
[    0.000000] Hierarchical RCU implementation.
[    0.000000] 	Build-time adjustment of leaf fanout to 64.
[    0.000000] 	RCU restricting CPUs from NR_CPUS=512 to nr_cpu_ids=2.
[    0.000000] RCU: Adjusting geometry for rcu_fanout_leaf=64, nr_cpu_ids=2
[    0.000000] NR_IRQS:33024 nr_irqs:440 16
[    0.000000] Console: colour VGA+ 80x25
[    0.000000] console [tty1] enabled
[    0.000000] console [ttyS0] enabled
[    0.000000] tsc: Detected 2294.690 MHz processor
[    0.446996] Calibrating delay loop (skipped) preset value.. 4589.38 BogoMIPS (lpj=9178760)
[    0.451769] pid_max: default: 32768 minimum: 301
[    0.454068] ACPI: Core revision 20150930
[    0.460878] ACPI: 2 ACPI AML tables successfully acquired and loaded
[    0.464290] Security Framework initialized
[    0.466348] Yama: becoming mindful.
[    0.468249] AppArmor: AppArmor initialized
[    0.470675] Dentry cache hash table entries: 131072 (order: 8, 1048576 bytes)
[    0.479340] Inode-cache hash table entries: 65536 (order: 7, 524288 bytes)
[    0.483661] Mount-cache hash table entries: 2048 (order: 2, 16384 bytes)
[    0.486644] Mountpoint-cache hash table entries: 2048 (order: 2, 16384 bytes)
[    0.490100] Initializing cgroup subsys io
[    0.492153] Initializing cgroup subsys memory
[    0.494388] Initializing cgroup subsys devices
[    0.496888] Initializing cgroup subsys freezer
[    0.499089] Initializing cgroup subsys net_cls
[    0.501355] Initializing cgroup subsys perf_event
[    0.503626] Initializing cgroup subsys net_prio
[    0.505926] Initializing cgroup subsys hugetlb
[    0.508160] Initializing cgroup subsys pids
[    0.511493] mce: CPU supports 0 MCE banks
[    0.514128] Last level iTLB entries: 4KB 64, 2MB 8, 4MB 8
[    0.516623] Last level dTLB entries: 4KB 64, 2MB 0, 4MB 0, 1GB 4
[    0.519353] Spectre V1 : Mitigation: usercopy/swapgs barriers and __user pointer sanitization
[    0.523542] Spectre V2 : Mitigation: Full generic retpoline
[    0.526179] Spectre V2 : Spectre v2 / SpectreRSB mitigation: Filling RSB on context switch
[    0.531050] Speculative Store Bypass: Vulnerable
[    0.533404] SRBDS: Unknown: Dependent on hypervisor status
[    0.536088] MDS: Mitigation: Clear CPU buffers
[    0.545235] Freeing SMP alternatives memory: 36K
[    0.562851] ftrace: allocating 32380 entries in 127 pages
[    0.716053] smpboot: APIC(0) Converting physical 0 to logical package 0
[    0.718953] smpboot: Max logical packages: 1
[    0.721901] x2apic enabled
[    0.724313] Switched APIC routing to physical x2apic.
[    0.730325] ..TIMER: vector=0x30 apic1=0 pin1=2 apic2=-1 pin2=-1
[    0.841361] smpboot: CPU0: Intel(R) Core(TM) i5-5300U CPU @ 2.30GHz (family: 0x6, model: 0x3d, stepping: 0x4)
[    0.848294] Performance Events: unsupported p6 CPU model 61 no PMU driver, software events only.
[    0.881176] KVM setup paravirtual spinlock
[    0.885630] x86: Booting SMP configuration:
[    0.888634] .... node  #0, CPUs:      #1
[    0.891496] kvm-clock: cpu 1, msr 0:3ffe3041, secondary cpu clock
[    0.899279] mce: CPU supports 0 MCE banks
[    0.903045] x86: Booted up 1 node, 2 CPUs
[    0.906536] smpboot: Total of 2 processors activated (9178.76 BogoMIPS)
[    0.911446] devtmpfs: initialized
[    0.932144] evm: security.selinux
[    0.934364] evm: security.SMACK64
[    0.936996] evm: security.SMACK64EXEC
[    0.940157] evm: security.SMACK64TRANSMUTE
[    0.943723] evm: security.SMACK64MMAP
[    0.951273] evm: security.ima
[    0.953790] evm: security.capability
[    0.957511] clocksource: jiffies: mask: 0xffffffff max_cycles: 0xffffffff, max_idle_ns: 7645041785100000 ns
[    0.963853] futex hash table entries: 512 (order: 3, 32768 bytes)
[    0.968045] pinctrl core: initialized pinctrl subsystem
[    0.971718] RTC time:  1:34:43, date: 08/19/21
[    0.975159] NET: Registered protocol family 16
[    0.989390] cpuidle: using governor ladder
[    1.002078] cpuidle: using governor menu
[    1.004772] PCCT header not found.
[    1.007525] ACPI: bus type PCI registered
[    1.010508] acpiphp: ACPI Hot Plug PCI Controller Driver version: 0.5
[    1.015367] PCI: Using configuration type 1 for base access
[    1.034108] ACPI: Added _OSI(Module Device)
[    1.036953] ACPI: Added _OSI(Processor Device)
[    1.040092] ACPI: Added _OSI(3.0 _SCP Extensions)
[    1.042905] ACPI: Added _OSI(Processor Aggregator Device)
[    1.047765] ACPI: Executed 1 blocks of module-level executable AML code
[    1.058718] ACPI: Interpreter enabled
[    1.060703] ACPI: (supports S0 S5)
[    1.062587] ACPI: Using IOAPIC for interrupt routing
[    1.065918] PCI: Using host bridge windows from ACPI; if necessary, use "pci=nocrs" and report a bug
[    1.082571] ACPI: PCI Root Bridge [PCI0] (domain 0000 [bus 00-ff])
[    1.085455] acpi PNP0A03:00: _OSC: OS supports [ASPM ClockPM Segments MSI]
[    1.089484] acpi PNP0A03:00: _OSC: not requesting OS control; OS requires [ExtendedConfig ASPM ClockPM MSI]
[    1.094093] acpi PNP0A03:00: fail to add MMCONFIG information, can't access extended PCI configuration space under this bridge.
[    1.100388] PCI host bridge to bus 0000:00
[    1.102733] pci_bus 0000:00: root bus resource [io  0x0000-0x0cf7 window]
[    1.105805] pci_bus 0000:00: root bus resource [io  0x0d00-0xffff window]
[    1.108956] pci_bus 0000:00: root bus resource [mem 0x000a0000-0x000bffff window]
[    1.113510] pci_bus 0000:00: root bus resource [mem 0x40000000-0xfdffffff window]
[    1.118060] pci_bus 0000:00: root bus resource [bus 00-ff]
[    1.124466] pci 0000:00:01.1: legacy IDE quirk: reg 0x10: [io  0x01f0-0x01f7]
[    1.127581] pci 0000:00:01.1: legacy IDE quirk: reg 0x14: [io  0x03f6]
[    1.130826] pci 0000:00:01.1: legacy IDE quirk: reg 0x18: [io  0x0170-0x0177]
[    1.167526] pci 0000:00:01.1: legacy IDE quirk: reg 0x1c: [io  0x0376]
[    1.200085] pci 0000:00:07.0: quirk: [io  0x4000-0x403f] claimed by PIIX4 ACPI
[    1.204669] pci 0000:00:07.0: quirk: [io  0x4100-0x410f] claimed by PIIX4 SMB
[    1.220230] ACPI: PCI Interrupt Link [LNKA] (IRQs 5 9 10 *11)
[    1.224698] ACPI: PCI Interrupt Link [LNKB] (IRQs 5 9 *10 11)
[    1.228717] ACPI: PCI Interrupt Link [LNKC] (IRQs 5 *9 10 11)
[    1.232863] ACPI: PCI Interrupt Link [LNKD] (IRQs 5 9 10 *11)
[    1.236748] ACPI: Enabled 2 GPEs in block 00 to 07
[    1.239831] vgaarb: setting as boot device: PCI:0000:00:02.0
[    1.242434] vgaarb: device added: PCI:0000:00:02.0,decodes=io+mem,owns=io+mem,locks=none
[    1.246553] vgaarb: loaded
[    1.248268] vgaarb: bridge control possible 0000:00:02.0
[    1.252417] SCSI subsystem initialized
[    1.254776] ACPI: bus type USB registered
[    1.257009] usbcore: registered new interface driver usbfs
[    1.259568] usbcore: registered new interface driver hub
[    1.262239] usbcore: registered new device driver usb
[    1.270098] PCI: Using ACPI for IRQ routing
[    1.273086] NetLabel: Initializing
[    1.274976] NetLabel:  domain hash size = 128
[    1.277498] NetLabel:  protocols = UNLABELED CIPSOv4
[    1.280113] NetLabel:  unlabeled traffic allowed by default
[    1.282928] amd_nb: Cannot enumerate AMD northbridges
[    1.285395] clocksource: Switched to clocksource kvm-clock
[    1.324637] AppArmor: AppArmor Filesystem Enabled
[    1.327106] pnp: PnP ACPI init
[    1.331379] pnp: PnP ACPI: found 3 devices
[    1.343665] clocksource: acpi_pm: mask: 0xffffff max_cycles: 0xffffff, max_idle_ns: 2085701024 ns
[    1.348149] NET: Registered protocol family 2
[    1.350690] TCP established hash table entries: 8192 (order: 4, 65536 bytes)
[    1.353865] TCP bind hash table entries: 8192 (order: 5, 131072 bytes)
[    1.356807] TCP: Hash tables configured (established 8192 bind 8192)
[    1.359662] UDP hash table entries: 512 (order: 2, 16384 bytes)
[    1.362323] UDP-Lite hash table entries: 512 (order: 2, 16384 bytes)
[    1.365444] NET: Registered protocol family 1
[    1.367677] pci 0000:00:00.0: Limiting direct PCI/PCI transfers
[    1.370420] pci 0000:00:01.0: Activating ISA DMA hang workarounds
[    1.373494] Unpacking initramfs...
[    2.010610] Freeing initrd memory: 14884K
[    2.013089] RAPL PMU detected, API unit is 2^-32 Joules, 4 fixed counters 10737418240 ms ovfl timer
[    2.021457] hw unit of domain pp0-core 2^-0 Joules
[    2.024609] hw unit of domain package 2^-0 Joules
[    2.027696] hw unit of domain dram 2^-0 Joules
[    2.030983] hw unit of domain pp1-gpu 2^-0 Joules
[    2.033357] clocksource: tsc: mask: 0xffffffffffffffff max_cycles: 0x21139d127d2, max_idle_ns: 440795239963 ns
[    2.039637] platform rtc_cmos: registered platform RTC device (no PNP device found)
[    2.044943] Scanning for low memory corruption every 60 seconds
[    2.049330] audit: initializing netlink subsys (disabled)
[    2.053153] audit: type=2000 audit(1629336890.142:1): initialized
[    2.057658] Initialise system trusted keyring
[    2.060665] HugeTLB registered 2 MB page size, pre-allocated 0 pages
[    2.070006] zbud: loaded
[    2.072451] VFS: Disk quotas dquot_6.6.0
[    2.075025] VFS: Dquot-cache hash table entries: 512 (order 0, 4096 bytes)
[    2.079315] squashfs: version 4.0 (2009/01/31) Phillip Lougher
[    2.083817] fuse init (API version 7.23)
[    2.086698] Key type big_key registered
[    2.089112] Allocating IMA MOK and blacklist keyrings.
[    2.093320] Key type asymmetric registered
[    2.096151] Asymmetric key parser 'x509' registered
[    2.100235] Block layer SCSI generic (bsg) driver version 0.4 loaded (major 249)
[    2.105740] io scheduler noop registered
[    2.108560] io scheduler deadline registered (default)
[    2.112114] io scheduler cfq registered
[    2.115377] pci_hotplug: PCI Hot Plug PCI Core version: 0.5
[    2.118789] pciehp: PCI Express Hot Plug Controller Driver version: 0.4
[    2.123151] ACPI: AC Adapter [AC] (on-line)
[    2.126070] input: Power Button as /devices/LNXSYSTM:00/LNXPWRBN:00/input/input0
[    2.131479] ACPI: Power Button [PWRF]
[    2.134304] input: Sleep Button as /devices/LNXSYSTM:00/LNXSLPBN:00/input/input1
[    2.139578] ACPI: Sleep Button [SLPF]
[    2.144433] ACPI: Battery Slot [BAT0] (battery present)
[    2.148375] GHES: HEST is not enabled!
[    2.151155] Serial: 8250/16550 driver, 32 ports, IRQ sharing enabled
[    2.177395] 00:02: ttyS0 at I/O 0x3f8 (irq = 4, base_baud = 115200) is a 16550A
[    2.186888] Linux agpgart interface v0.103
[    2.192274] loop: module loaded
[    2.195360] scsi host0: ata_piix
[    2.197653] scsi host1: ata_piix
[    2.199668] ata1: PATA max UDMA/33 cmd 0x1f0 ctl 0x3f6 bmdma 0xd000 irq 14
[    2.202744] ata2: PATA max UDMA/33 cmd 0x170 ctl 0x376 bmdma 0xd008 irq 15
[    2.207137] libphy: Fixed MDIO Bus: probed
[    2.209353] tun: Universal TUN/TAP device driver, 1.6
[    2.211843] tun: (C) 1999-2004 Max Krasnyansky <maxk@qualcomm.com>
[    2.215121] PPP generic driver version 2.4.2
[    2.218234] ehci_hcd: USB 2.0 'Enhanced' Host Controller (EHCI) Driver
[    2.221087] ehci-pci: EHCI PCI platform driver
[    2.223432] ehci-platform: EHCI generic platform driver
[    2.225956] ohci_hcd: USB 1.1 'Open' Host Controller (OHCI) Driver
[    2.228827] ohci-pci: OHCI PCI platform driver
[    2.231287] ohci-platform: OHCI generic platform driver
[    2.233777] uhci_hcd: USB Universal Host Controller Interface driver
[    2.236859] i8042: PNP: PS/2 Controller [PNP0303:PS2K,PNP0f03:PS2M] at 0x60,0x64 irq 1,12
[    2.242094] serio: i8042 KBD port at 0x60,0x64 irq 1
[    2.245087] serio: i8042 AUX port at 0x60,0x64 irq 12
[    2.248182] mousedev: PS/2 mouse device common for all mice
[    2.251747] input: AT Translated Set 2 keyboard as /devices/platform/i8042/serio0/input/input2
[    2.256310] rtc_cmos rtc_cmos: rtc core: registered rtc_cmos as rtc0
[    2.259352] rtc_cmos rtc_cmos: alarms up to one day, 114 bytes nvram
[    2.262283] i2c /dev entries driver
[    2.264323] device-mapper: uevent: version 1.0.3
[    2.267879] device-mapper: ioctl: 4.34.0-ioctl (2015-10-28) initialised: dm-devel@redhat.com
[    2.272131] ledtrig-cpu: registered to indicate activity on CPUs
[    2.275536] NET: Registered protocol family 10
[    2.281061] NET: Registered protocol family 17
[    2.284267] Key type dns_resolver registered
[    2.287052] registered taskstats version 1
[    2.289153] Loading compiled-in X.509 certificates
[    2.292636] Loaded X.509 cert 'Build time autogenerated kernel key: cf00e047681d67edb2720680708b7d9498083038'
[    2.297534] zswap: loaded using pool lzo/zbud
[    2.308252] Key type trusted registered
[    2.316193] Key type encrypted registered
[    2.318332] AppArmor: AppArmor sha1 policy hashing enabled
[    2.320832] ima: No TPM chip found, activating TPM-bypass!
[    2.323461] ima: Allocated hash algorithm: sha1
[    2.325681] evm: HMAC attrs: 0x1
[    2.328103]   Magic number: 1:572:559
[    2.330196] tty ttyS31: hash matches
[    2.332573] rtc_cmos rtc_cmos: setting system clock to 2021-08-19 01:34:44 UTC (1629336884)
[    2.337265] BIOS EDD facility v0.16 2004-Jun-25, 0 devices found
[    2.340009] EDD information not available.
[    2.395478] Freeing unused kernel memory: 1492K
[    2.397869] Write protecting the kernel read-only data: 14336k
[    2.401718] Freeing unused kernel memory: 1584K
[    2.404311] Freeing unused kernel memory: 52K
Loading, please wait...
starting version 229
[    2.431801] random: systemd-udevd: uninitialized urandom read (16 bytes read, 5 bits of entropy available)
[    2.432984] random: udevadm: uninitialized urandom read (16 bytes read, 5 bits of entropy available)
[    2.433037] random: udevadm: uninitialized urandom read (16 bytes read, 5 bits of entropy available)
[    2.448684] random: systemd-udevd: uninitialized urandom read (16 bytes read, 5 bits of entropy available)
[    2.456290] random: systemd-udevd: uninitialized urandom read (16 bytes read, 5 bits of entropy available)
[    2.458737] random: udevadm: uninitialized urandom read (16 bytes read, 5 bits of entropy available)
[    2.458835] random: udevadm: uninitialized urandom read (16 bytes read, 5 bits of entropy available)
[    2.459174] random: udevadm: uninitialized urandom read (16 bytes read, 5 bits of entropy available)
[    2.459294] random: udevadm: uninitialized urandom read (16 bytes read, 5 bits of entropy available)
[    2.459420] random: udevadm: uninitialized urandom read (16 bytes read, 5 bits of entropy available)
[    2.572641] e1000: Intel(R) PRO/1000 Network Driver - version 7.3.21-k8-NAPI
[    2.576853] e1000: Copyright (c) 1999-2006 Intel Corporation.
[    2.581540] Fusion MPT base driver 3.04.20
[    2.584172] Copyright (c) 1999-2008 LSI Corporation
[    2.652228] Fusion MPT SPI Host driver 3.04.20
[    2.668106] AVX2 version of gcm_enc/dec engaged.
[    2.671200] AES CTR mode by8 optimization enabled
[    2.812629] input: ImExPS/2 Generic Explorer Mouse as /devices/platform/i8042/serio1/input/input4
[    3.093638] e1000 0000:00:03.0 eth0: (PCI:33MHz:32-bit) 02:ed:98:3c:8e:82
[    3.096793] e1000 0000:00:03.0 eth0: Intel(R) PRO/1000 Network Connection
[    3.103665] e1000 0000:00:03.0 enp0s3: renamed from eth0
[    3.106531] mptbase: ioc0: Initiating bringup
[    3.876635] ioc0: LSI53C1030 A0: Capabilities={Initiator}
[    5.720636] scsi host2: ioc0: LSI53C1030 A0, FwRev=00000000h, Ports=1, MaxQ=256, IRQ=20
[    7.543217] scsi 2:0:0:0: Direct-Access     VBOX     HARDDISK         1.0  PQ: 0 ANSI: 5
[    7.561306] scsi target2:0:0: Beginning Domain Validation
[    7.579227] scsi target2:0:0: Domain Validation skipping write tests
[    7.640299] scsi target2:0:0: Ending Domain Validation
[    7.642962] scsi target2:0:0: asynchronous
[    7.645805] scsi 2:0:1:0: Direct-Access     VBOX     HARDDISK         1.0  PQ: 0 ANSI: 5
[    7.649841] scsi target2:0:1: Beginning Domain Validation
[    7.654821] scsi target2:0:1: Domain Validation skipping write tests
[    7.657792] scsi target2:0:1: Ending Domain Validation
[    7.660590] scsi target2:0:1: asynchronous
[    7.671965] sd 2:0:0:0: [sda] 83886080 512-byte logical blocks: (42.9 GB/40.0 GiB)
[    7.672318] sd 2:0:0:0: Attached scsi generic sg0 type 0
[    7.673406] sd 2:0:1:0: [sdb] 20480 512-byte logical blocks: (10.5 MB/10.0 MiB)
[    7.673733] sd 2:0:1:0: [sdb] Write Protect is off
[    7.674049] sd 2:0:1:0: [sdb] Incomplete mode parameter data
[    7.674053] sd 2:0:1:0: [sdb] Assuming drive cache: write through
[    7.675305] sd 2:0:1:0: Attached scsi generic sg1 type 0
[    7.677932] sd 2:0:1:0: [sdb] Attached SCSI disk
[    7.699369] sd 2:0:0:0: [sda] Write Protect is off
[    7.701980] sd 2:0:0:0: [sda] Incomplete mode parameter data
[    7.704898] sd 2:0:0:0: [sda] Assuming drive cache: write through
[    7.710488]  sda: sda1
[    7.713722] sd 2:0:0:0: [sda] Attached SCSI disk
Begin: Loading essential drivers ... [    9.862555] md: linear personality registered for level -1
[    9.869299] md: multipath personality registered for level -4
[    9.878602] md: raid0 personality registered for level 0
[    9.890311] md: raid1 personality registered for level 1
[    9.965446] raid6: sse2x1   gen()  2166 MB/s
[   10.033469] raid6: sse2x1   xor()  1442 MB/s
[   10.101623] raid6: sse2x2   gen()  3554 MB/s
[   10.173490] raid6: sse2x2   xor()  2058 MB/s
[   10.241447] raid6: sse2x4   gen()  5757 MB/s
[   10.309538] raid6: sse2x4   xor()  3443 MB/s
[   10.377461] raid6: avx2x1   gen()  4767 MB/s
[   10.445453] raid6: avx2x2   gen()  8595 MB/s
[   10.513439] raid6: avx2x4   gen() 11453 MB/s
[   10.515759] raid6: using algorithm avx2x4 gen() 11453 MB/s
[   10.518278] raid6: using avx2x2 recovery algorithm
[   10.523351] xor: automatically using best checksumming function:
[   10.565466]    avx       : 14197.000 MB/sec
[   10.569301] async_tx: api initialized (async)
[   10.593843] md: raid6 personality registered for level 6
[   10.596875] md: raid5 personality registered for level 5
[   10.599707] md: raid4 personality registered for level 4
[   10.615391] md: raid10 personality registered for level 10
done.
Begin: Running /scripts/init-premount ... done.
Begin: Mounting root file system ... Begin: Running /scripts/local-top ... done.
Begin: Running /scripts/local-premount ... [   10.708238] Btrfs loaded
Scanning for Btrfs filesystems
done.
Warning: fsck not present, so skipping root file system
[   10.760159] EXT4-fs (sda1): INFO: recovery required on readonly filesystem
[   10.764045] EXT4-fs (sda1): write access will be enabled during recovery
[   10.942572] EXT4-fs (sda1): recovery complete
[   10.948897] EXT4-fs (sda1): mounted filesystem with ordered data mode. Opts: (null)
done.
Begin: Running /scripts/local-bottom ... done.
Begin: Running /scripts/init-bottom ... done.
[   11.118057] systemd[1]: systemd 229 running in system mode. (+PAM +AUDIT +SELINUX +IMA +APPARMOR +SMACK +SYSVINIT +UTMP +LIBCRYPTSETUP +GCRYPT +GNUTLS +ACL +XZ -LZ4 +SECCOMP +BLKID +ELFUTILS +KMOD -IDN)
[   11.126156] systemd[1]: Detected virtualization oracle.
[   11.128604] systemd[1]: Detected architecture x86-64.

Welcome to [1mUbuntu 16.04.7 LTS[0m!

[   11.134302] systemd[1]: Set hostname to <ubuntu-xenial>.
[   11.255800] random: nonblocking pool is initialized
[   11.384096] systemd[1]: Listening on Journal Socket (/dev/log).
[[0;32m  OK  [0m] Listening on Journal Socket (/dev/log).
[   11.390607] systemd[1]: Created slice System Slice.
[[0;32m  OK  [0m] Created slice System Slice.
[   11.395539] systemd[1]: Created slice system-postgresql.slice.
[[0;32m  OK  [0m] Created slice system-postgresql.slice.
[   11.400316] systemd[1]: Listening on LVM2 poll daemon socket.
[[0;32m  OK  [0m] Listening on LVM2 poll daemon socket.
[   11.404956] systemd[1]: Reached target User and Group Name Lookups.
[[0;32m  OK  [0m] Reached target User and Group Name Lookups.
[   11.410272] systemd[1]: Listening on Journal Audit Socket.
[[0;32m  OK  [0m] Listening on Journal Audit Socket.
[   11.414667] systemd[1]: Listening on udev Kernel Socket.
[[0;32m  OK  [0m] Listening on udev Kernel Socket.
[   11.418906] systemd[1]: Listening on Journal Socket.
[[0;32m  OK  [0m] Listening on Journal Socket.
[   11.434526] systemd[1]: Starting Uncomplicated firewall...
         Starting Uncomplicated firewall...
[   11.439723] systemd[1]: Started Trigger resolvconf update for networkd DNS.
[[0;32m  OK  [0m] Started Trigger resolvconf update for networkd DNS.
[   11.446181] systemd[1]: Created slice User and Session Slice.
[[0;32m  OK  [0m] Created slice User and Session Slice.
[   11.450659] systemd[1]: Reached target Encrypted Volumes.
[[0;32m  OK  [0m] Reached target Encrypted Volumes.
[   11.454992] systemd[1]: Started Forward Password Requests to Wall Directory Watch.
[[0;32m  OK  [0m] Started Forward Password Requests to Wall Directory Watch.
[   11.470164] systemd[1]: Reached target Swap.
[[0;32m  OK  [0m] Reached target Swap.
[   11.474756] systemd[1]: Set up automount Arbitrary Executable File Formats File System Automount Point.
[[0;32m  OK  [0m] Set up automount Arbitrary Executab...ats File System Automount Point.
[   11.494743] systemd[1]: Starting Create list of required static device nodes for the current kernel...
         Starting Create list of required st... nodes for the current kernel...
[   11.502896] systemd[1]: Listening on Device-mapper event daemon FIFOs.
[[0;32m  OK  [0m] Listening on Device-mapper event daemon FIFOs.
[   11.510396] systemd[1]: Mounting POSIX Message Queue File System...
         Mounting POSIX Message Queue File System...
[   11.515845] systemd[1]: Reached target Slices.
[[0;32m  OK  [0m] Reached target Slices.
[   11.521573] systemd[1]: Created slice system-serial\x2dgetty.slice.
[[0;32m  OK  [0m] Created slice system-serial\x2dgetty.slice.
[   11.528632] systemd[1]: Listening on udev Control Socket.
[[0;32m  OK  [0m] Listening on udev Control Socket.
[   11.533154] systemd[1]: Listening on fsck to fsckd communication Socket.
[[0;32m  OK  [0m] Listening on fsck to fsckd communication Socket.
[   11.538684] systemd[1]: Listening on /dev/initctl Compatibility Named Pipe.
[[0;32m  OK  [0m] Listening on /dev/initctl Compatibility Named Pipe.
[   11.561566] systemd[1]: Mounting Debug File System...
         Mounting Debug File System...
[   11.567477] systemd[1]: Starting File System Check on Root Device...
         Starting File System Check on Root Device...
[   11.580393] systemd[1]: Mounting Huge Pages File System...
         Mounting Huge Pages File System...
[   11.590449] systemd[1]: Listening on Syslog Socket.
[[0;32m  OK  [0m] Listening on Syslog Socket.
[   11.603708] systemd[1]: Starting Journal Service...
         Starting Journal Service...
[   11.611186] systemd[1]: Starting Set console keymap...
         Starting Set console keymap...
[   11.616276] systemd[1]: Reached target System Time Synchronized.
[[0;32m  OK  [0m] Reached target System Time Synchronized.
[   11.631023] systemd[1]: Starting Nameserver information manager...
         Starting Nameserver information manager...
[   11.645746] systemd[1]: Listening on LVM2 metadata daemon socket.
[[0;32m  OK  [0m] Listening on LVM2 metadata daemon socket.
[   11.652764] systemd[1]: Starting Monitoring of LVM2 mirrors, snapshots etc. using dmeventd or progress polling...
         Starting Monitoring of LVM2 mirrors... dmeventd or progress polling...
[   11.675241] systemd[1]: Starting Load Kernel Modules...
         Starting Load Kernel Modules...
[   11.690600] systemd[1]: Mounted POSIX Message Queue File System.
[[0;32m  OK  [0m] Mounted POSIX Message Queue File System.
[   11.699741] systemd[1]: Mounted Debug File System.
[[0;32m  OK  [0m] Mounted Debug File System.
[   11.705049] systemd[1]: Mounted Huge Pages File System.
[   11.709231] Loading iSCSI transport class v2.0-870.
[[0;32m  OK  [0m] Mounted Huge Pages File System.
[   11.714661] systemd[1]: Started Uncomplicated firewall.
[[0;32m  OK  [0m] Started Uncomplicated firewall.
[   11.724175] systemd[1]: Started Create list of required static device nodes for the current kernel.
[[0;32m  OK  [0m] Started Create list of required sta...ce nodes for the current kernel.
[   11.738202] systemd[1]: Started File System Check on Root Device.
[[0;32m  OK  [0m] Started File System Check on Root Device.
[   11.753067] iscsi: registered transport (tcp)
[   11.760876] systemd[1]: Started Journal Service.
[[0;32m  OK  [0m] Started Journal Service.
[[0;32m  OK  [0m] Started LVM2 metadata daemon.
[[0;32m  OK  [0m] Started File System Check Daemon to report status.
         Starting Remount Root and Kernel File Systems...
         Starting Create Static Device Nodes in /dev...
[[0;32m  OK  [0m] Started Nameserver information manager.
[   11.825784] EXT4-fs (sda1): re-mounted. Opts: (null)
[[0;32m  OK  [0m] Started Remount Root and Kernel File Systems.
         Starting Load/Save Random Seed...
         Starting udev Coldplug all Devices...
         Starting Flush Journal to Persistent Storage...
[[0;32m  OK  [0m] Started Load/Save Random Seed.
[[0;32m  OK  [0m] Started Create Static Device Nodes in /dev.
         Starting udev Kernel Device Manager...
[   11.956306] systemd-journald[392]: Received request to flush runtime journal from PID 1
[[0;32m  OK  [0m] Started Flush Journal to Persistent Storage.
[[0;32m  OK  [0m] Started Set console keymap.
[   11.996426] iscsi: registered transport (iser)
[[0;32m  OK  [0m] Started Load Kernel Modules.
[[0;32m  OK  [0m] Started udev Kernel Device Manager.
         Mounting FUSE Control File System...
         Starting Apply Kernel Variables...
[[0;32m  OK  [0m] Mounted FUSE Control File System.
[[0;32m  OK  [0m] Started Apply Kernel Variables.
[[0;32m  OK  [0m] Started udev Coldplug all Devices.
[[0;32m  OK  [0m] Started Dispatch Password Requests to Console Directory Watch.
[[0;32m  OK  [0m] Started Monitoring of LVM2 mirrors,...ng dmeventd or progress polling.
[[0;32m  OK  [0m] Reached target Local File Systems (Pre).
[[0;32m  OK  [0m] Reached target Local File Systems.
         Starting Initial cloud-init job (pre-networking)...
         Starting Set console font and keymap...
         Starting LSB: AppArmor initialization...
         Starting Tell Plymouth To Write Out Runtime Data...
         Starting Create Volatile Files and Directories...
[[0;32m  OK  [0m] Started Tell Plymouth To Write Out Runtime Data.
[[0;32m  OK  [0m] Started Create Volatile Files and Directories.
         Starting Update UTMP about System Boot/Shutdown...
[[0;32m  OK  [0m] Started Update UTMP about System Boot/Shutdown.
[[0;32m  OK  [0m] Found device /dev/ttyS0.
[[0;32m  OK  [0m] Listening on Load/Save RF Kill Switch Status /dev/rfkill Watch.
[[0;32m  OK  [0m] Started LSB: AppArmor initialization.
         Starting Load AppArmor profiles managed internally by snapd...
[[0;32m  OK  [0m] Started Load AppArmor profiles managed internally by snapd.
[[0;32m  OK  [0m] Found device 82540EM Gigabit Ethern...r (PRO/1000 MT Desktop Adapter).
[   13.989549] cloud-init[499]: Cloud-init v. 21.1-19-gbad84ad4-0ubuntu1~16.04.2 running 'init-local' at Thu, 19 Aug 2021 01:34:56 +0000. Up 13.33 seconds.
[[0;32m  OK  [0m] Started Initial cloud-init job (pre-networking).
[[0;32m  OK  [0m] Reached target Network (Pre).
         Starting Raise network interfaces...
[[0;32m  OK  [0m] Started ifup for enp0s3.
[[0;32m  OK  [0m] Started Set console font and keymap.
[[0;32m  OK  [0m] Created slice system-getty.slice.
[[0;32m  OK  [0m] Started Raise network interfaces.
[[0;32m  OK  [0m] Reached target Network.
         Starting Initial cloud-init job (metadata service crawler)...
[   16.928216] cloud-init[991]: Cloud-init v. 21.1-19-gbad84ad4-0ubuntu1~16.04.2 running 'init' at Thu, 19 Aug 2021 01:34:59 +0000. Up 16.32 seconds.
[   16.932057] cloud-init[991]: ci-info: ++++++++++++++++++++++++++++++++++++++Net device info++++++++++++++++++++++++++++++++++++++
[   16.936474] cloud-init[991]: ci-info: +--------+------+----------------------------+---------------+--------+-------------------+
[   16.940418] cloud-init[991]: ci-info: | Device |  Up  |          Address           |      Mask     | Scope  |     Hw-Address    |
[   16.944456] cloud-init[991]: ci-info: +--------+------+----------------------------+---------------+--------+-------------------+
[   16.948575] cloud-init[991]: ci-info: | enp0s3 | True |         10.0.2.15          | 255.255.255.0 | global | 02:ed:98:3c:8e:82 |
[   16.957503] cloud-init[991]: ci-info: | enp0s3 | True | fe80::ed:98ff:fe3c:8e82/64 |       .       |  link  | 02:ed:98:3c:8e:82 |
[   16.961250] cloud-init[991]: ci-info: |   lo   | True |         127.0.0.1          |   255.0.0.0   |  host  |         .         |
[   16.965539] cloud-init[991]: ci-info: |   lo   | True |          ::1/128           |       .       |  host  |         .         |
[   16.969798] cloud-init[991]: ci-info: +--------+------+----------------------------+---------------+--------+-------------------+
[   16.974002] cloud-init[991]: ci-info: +++++++++++++++++++++++++++Route IPv4 info++++++++++++++++++++++++++++
[   16.977990] cloud-init[991]: ci-info: +-------+-------------+----------+---------------+-----------+-------+
[   16.982505] cloud-init[991]: ci-info: | Route | Destination | Gateway  |    Genmask    | Interface | Flags |
[   16.987506] cloud-init[991]: ci-info: +-------+-------------+----------+---------------+-----------+-------+
[   16.990897] cloud-init[991]: ci-info: |   0   |   0.0.0.0   | 10.0.2.2 |    0.0.0.0    |   enp0s3  |   UG  |
[   16.994565] cloud-init[991]: ci-info: |   1   |   10.0.2.0  | 0.0.0.0  | 255.255.255.0 |   enp0s3  |   U   |
[   16.998631] cloud-init[991]: ci-info: +-------+-------------+----------+---------------+-----------+-------+
[   17.002412] cloud-init[991]: ci-info: +++++++++++++++++++Route IPv6 info+++++++++++++++++++
[   17.005587] cloud-init[991]: ci-info: +-------+-------------+---------+-----------+-------+
[   17.010746] cloud-init[991]: ci-info: | Route | Destination | Gateway | Interface | Flags |
[   17.020593] cloud-init[991]: ci-info: +-------+-------------+---------+-----------+-------+
[   17.023744] cloud-init[991]: ci-info: |   0   |  fe80::/64  |    ::   |   enp0s3  |   U   |
[   17.027177] cloud-init[991]: ci-info: |   4   |   ff00::/8  |    ::   |   enp0s3  |   U   |
[   17.030262] cloud-init[991]: ci-info: +-------+-------------+---------+-----------+-------+
[[0;32m  OK  [0m] Started Initial cloud-init job (metadata service crawler).
[[0;32m  OK  [0m] Reached target Network is Online.
         Starting iSCSI initiator daemon (iscsid)...
[[0;32m  OK  [0m] Reached target Cloud-config availability.
[[0;32m  OK  [0m] Reached target System Initialization.
         Starting Socket activation for snappy daemon.
         Starting LXD - unix socket.
[[0;32m  OK  [0m] Listening on UUID daemon activation socket.
[[0;32m  OK  [0m] Started Daily Cleanup of Temporary Directories.
[[0;32m  OK  [0m] Listening on D-Bus System Message Bus Socket.
[[0;32m  OK  [0m] Started Ubuntu Advantage update messaging.
[[0;32m  OK  [0m] Listening on ACPID Listen Socket.
[[0;32m  OK  [0m] Started Daily apt download activities.
[[0;32m  OK  [0m] Started Daily apt upgrade and clean activities.
[[0;32m  OK  [0m] Started Message of the Day.
[[0;32m  OK  [0m] Reached target Timers.
[[0;32m  OK  [0m] Started ACPI Events Check.
[[0;32m  OK  [0m] Reached target Paths.
[[0;32m  OK  [0m] Listening on Socket activation for snappy daemon.
[[0;32m  OK  [0m] Listening on LXD - unix socket.
[[0;32m  OK  [0m] Started iSCSI initiator daemon (iscsid).
         Starting Login to default iSCSI targets...
[[0;32m  OK  [0m] Reached target Sockets.
[[0;32m  OK  [0m] Reached target Basic System.
         Starting System Logging Service...
         Starting Ubuntu Advantage APT and MOTD Messages...
         Starting Accounts Service...
         Starting LXD - container startup/shutdown...
         Starting LSB: MD monitoring daemon...
[[0;32m  OK  [0m] Started Regular background program processing daemon.
[[0;32m  OK  [0m] Started D-Bus System Message Bus.
[[0;32m  OK  [0m] Started ACPI event daemon.
         Starting OpenBSD Secure Shell server...
         Starting Virtualbox guest utils...
         Starting PostgreSQL Cluster 9.5-main...
         Starting Login Service...
[[0;32m  OK  [0m] Started FUSE filesystem for LXC.
[[0;32m  OK  [0m] Started Deferred execution scheduler.
         Starting /etc/rc.local Compatibility...
         Starting Message of the Day...
         Starting LSB: Record successful boot for GRUB...
         Starting Snap Daemon...
[[0;32m  OK  [0m] Started System Logging Service.
[[0;32m  OK  [0m] Started /etc/rc.local Compatibility.
[[0;32m  OK  [0m] Started Message of the Day.
         Starting Authenticate and Authorize Users to Run Privileged Tasks...
[[0;32m  OK  [0m] Started Login Service.
[[0;32m  OK  [0m] Started Unattended Upgrades Shutdown.
[[0;32m  OK  [0m] Started Login to default iSCSI targets.
[[0;32m  OK  [0m] Reached target Remote File Systems (Pre).
         Mounting /vagrant...
         Mounting /home/vagrant/workspace...
[[0;1;31mFAILED[0m] Failed to mount /vagrant.
See 'systemctl status vagrant.mount' for details.
[[0;1;33mDEPEND[0m] Dependency failed for Remote File Systems.
         Starting Permit User Sessions...
         Starting LSB: daemon to balance interrupts for SMP systems...
         Starting LSB: Set the CPU Frequency Scaling governor to "ondemand"...
         Starting LSB: Start/stop sysstat's sadc...
         Starting LSB: automatic crash report generation...
[[0;32m  OK  [0m] Started LSB: MD monitoring daemon.
[[0;1;31mFAILED[0m] Failed to mount /home/vagrant/workspace.
See 'systemctl status home-vagrant-workspace.mount' for details.
[[0;32m  OK  [0m] Started LSB: Start/stop sysstat's sadc.
[[0;32m  OK  [0m] Started Permit User Sessions.
         Starting Terminate Plymouth Boot Screen...
         Starting Hold until boot process finishes up...
[[0;32m  OK  [0m] Started Hold until boot process finishes up.
[[0;32m  OK  [0m] Started LSB: Record successful boot for GRUB.
[[0;32m  OK  [0m] Started Terminate Plymouth Boot Screen.
[[0;32m  OK  [0m] Started Authenticate and Authorize Users to Run Privileged Tasks.
[[0;32m  OK  [0m] Started Accounts Service.
[[0;32m  OK  [0m] Started LXD - container startup/shutdown.
         Starting Set console scheme...
[[0;32m  OK  [0m] Started Serial Getty on ttyS0.
[[0;32m  OK  [0m] Started Getty on tty1.
[[0;32m  OK  [0m] Reached target Login Prompts.
[[0;32m  OK  [0m] Started OpenBSD Secure Shell server.
[[0;32m  OK  [0m] Started LSB: Set the CPU Frequency Scaling governor to "ondemand".
[[0;32m  OK  [0m] Started Set console scheme.
[[0;32m  OK  [0m] Started LSB: daemon to balance interrupts for SMP systems.
[[0;32m  OK  [0m] Started LSB: automatic crash report generation.
[[0;32m  OK  [0m] Started Virtualbox guest utils.
[[0;32m  OK  [0m] Created slice User Slice of vagrant.
         Starting User Manager for UID 1000...
[[0;32m  OK  [0m] Started Session 1 of user vagrant.
[[0;32m  OK  [0m] Started User Manager for UID 1000.
[[0;32m  OK  [0m] Started Snap Daemon.
         Starting Wait until snapd is fully seeded...
[[0;32m  OK  [0m] Started Wait until snapd is fully seeded.
         Starting Apply the settings specified in cloud-config...
[[0;32m  OK  [0m] Started Ubuntu Advantage APT and MOTD Messages.
[   21.654225] cloud-init[1344]: Cloud-init v. 21.1-19-gbad84ad4-0ubuntu1~16.04.2 running 'modules:config' at Thu, 19 Aug 2021 01:35:04 +0000. Up 21.29 seconds.
[[0;32m  OK  [0m] Started Apply the settings specified in cloud-config.
[[0;32m  OK  [0m] Started PostgreSQL Cluster 9.5-main.
         Starting PostgreSQL RDBMS...
[[0;32m  OK  [0m] Started PostgreSQL RDBMS.
[[0;32m  OK  [0m] Reached target Multi-User System.
[[0;32m  OK  [0m] Reached target Graphical Interface.
         Starting Execute cloud user/final scripts...
         Starting Update UTMP about System Runlevel Changes...
[[0;32m  OK  [0m] Started Update UTMP about System Runlevel Changes.
[   23.844235] cloud-init[1442]: Cloud-init v. 21.1-19-gbad84ad4-0ubuntu1~16.04.2 running 'modules:final' at Thu, 19 Aug 2021 01:35:06 +0000. Up 23.43 seconds.
[   23.844652] cloud-init[1442]: Cloud-init v. 21.1-19-gbad84ad4-0ubuntu1~16.04.2 finished at Thu, 19 Aug 2021 01:35:06 +0000. Datasource DataSourceNoCloud [seed=/dev/sdb][dsmode=net].  Up 23.81 seconds

Ubuntu 16.04.7 LTS ubuntu-xenial ttyS0

ubuntu-xenial login: 